2020-05-11 19:27:25.615 [restartedMain] INFO  com.project.我的第一个项目Application - Starting 我的第一个项目Application on DESKTOP-89F2UQS with PID 1292 (E:\BaiduNetdiskDownload\sxtoa系统\源码\174.报销管理-审核报销单-代码完善和业务流程图绘制\我的第一个项目\target\classes started by naozhong in E:\BaiduNetdiskDownload\sxtoa系统\源码\174.报销管理-审核报销单-代码完善和业务流程图绘制\我的第一个项目)
2020-05-11 19:27:25.617 [restartedMain] INFO  com.project.我的第一个项目Application - No active profile set, falling back to default profiles: default
2020-05-11 19:27:25.645 [restartedMain] INFO  o.s.b.d.env.DevToolsPropertyDefaultsPostProcessor - Devtools property defaults active! Set 'spring.devtools.add-properties' to 'false' to disable
2020-05-11 19:27:25.646 [restartedMain] INFO  o.s.b.d.env.DevToolsPropertyDefaultsPostProcessor - For additional web related logging consider setting the 'logging.level.web' property to 'DEBUG'
2020-05-11 19:27:26.390 [restartedMain] INFO  o.s.boot.web.embedded.tomcat.TomcatWebServer - Tomcat initialized with port(s): 8081 (http)
2020-05-11 19:27:26.394 [restartedMain] INFO  org.apache.coyote.http11.Http11NioProtocol - Initializing ProtocolHandler ["http-nio-8081"]
2020-05-11 19:27:26.395 [restartedMain] INFO  org.apache.catalina.core.StandardService - Starting service [Tomcat]
2020-05-11 19:27:26.395 [restartedMain] INFO  org.apache.catalina.core.StandardEngine - Starting Servlet engine: [Apache Tomcat/9.0.33]
2020-05-11 19:27:26.396 [restartedMain] INFO  org.apache.catalina.core.AprLifecycleListener - Loaded APR based Apache Tomcat Native library [1.2.23] using APR version [1.7.0].
2020-05-11 19:27:26.396 [restartedMain] INFO  org.apache.catalina.core.AprLifecycleListener - APR capabilities: IPv6 [true], sendfile [true], accept filters [false], random [true].
2020-05-11 19:27:26.396 [restartedMain] INFO  org.apache.catalina.core.AprLifecycleListener - APR/OpenSSL configuration: useAprConnector [false], useOpenSSL [true]
2020-05-11 19:27:26.398 [restartedMain] INFO  org.apache.catalina.core.AprLifecycleListener - OpenSSL successfully initialized [OpenSSL 1.1.1c  28 May 2019]
2020-05-11 19:27:26.458 [restartedMain] INFO  o.a.c.core.ContainerBase.[Tomcat].[localhost].[/] - Initializing Spring embedded WebApplicationContext
2020-05-11 19:27:26.458 [restartedMain] INFO  org.springframework.web.context.ContextLoader - Root WebApplicationContext: initialization completed in 812 ms
2020-05-11 19:27:26.943 [restartedMain] INFO  o.s.scheduling.concurrent.ThreadPoolTaskExecutor - Initializing ExecutorService 'applicationTaskExecutor'
2020-05-11 19:27:27.226 [restartedMain] INFO  o.s.b.d.autoconfigure.OptionalLiveReloadServer - LiveReload server is running on port 35729
2020-05-11 19:27:27.241 [restartedMain] INFO  org.apache.coyote.http11.Http11NioProtocol - Starting ProtocolHandler ["http-nio-8081"]
2020-05-11 19:27:27.459 [restartedMain] INFO  o.s.boot.web.embedded.tomcat.TomcatWebServer - Tomcat started on port(s): 8081 (http) with context path ''
2020-05-11 19:27:27.461 [restartedMain] INFO  com.project.我的第一个项目Application - Started 我的第一个项目Application in 2.048 seconds (JVM running for 2.808)
2020-05-11 19:27:46.941 [http-nio-8081-exec-1] INFO  org.apache.tomcat.util.http.parser.Cookie - A cookie header was received [1589023746; JSESSIONID=E68A8F013E14BAE5224ED041C3D813EB] that contained an invalid cookie. That cookie will be ignored.
 Note: further occurrences of this error will be logged at DEBUG level.
2020-05-11 19:27:46.946 [http-nio-8081-exec-1] INFO  o.a.c.core.ContainerBase.[Tomcat].[localhost].[/] - Initializing Spring DispatcherServlet 'dispatcherServlet'
2020-05-11 19:27:46.946 [http-nio-8081-exec-1] INFO  org.springframework.web.servlet.DispatcherServlet - Initializing Servlet 'dispatcherServlet'
2020-05-11 19:27:46.955 [http-nio-8081-exec-1] INFO  org.springframework.web.servlet.DispatcherServlet - Completed initialization in 9 ms
2020-05-11 19:27:46.979 [http-nio-8081-exec-1] ERROR com.project.aspect.LogAspect - url:http://localhost:8081/main,ip:0:0:0:0:0:0:0:1,classMethod:com.project.controller.PageController.showPage,args:[main, User{uid=null, username='null', password='null', realname='null', phone='null', did=0, right1=0, pid=0, position=null, hiredate='null', department=null, onduty='null', leavedate='null', identity='null', sex='null', duties=null}]
2020-05-11 19:27:46.982 [http-nio-8081-exec-1] ERROR com.project.aspect.LogAspect - Result:main
2020-05-11 19:27:47.089 [http-nio-8081-exec-2] ERROR com.project.aspect.LogAspect - url:http://localhost:8081/left.html,ip:0:0:0:0:0:0:0:1,classMethod:com.project.controller.PageController.showPage,args:[left.html, User{uid=null, username='null', password='null', realname='null', phone='null', did=0, right1=0, pid=0, position=null, hiredate='null', department=null, onduty='null', leavedate='null', identity='null', sex='null', duties=null}]
2020-05-11 19:27:47.089 [http-nio-8081-exec-2] ERROR com.project.aspect.LogAspect - Result:left.html
2020-05-11 19:27:47.089 [http-nio-8081-exec-3] ERROR com.project.aspect.LogAspect - url:http://localhost:8081/top2.html,ip:0:0:0:0:0:0:0:1,classMethod:com.project.controller.PageController.showPage,args:[top2.html, User{uid=null, username='null', password='null', realname='null', phone='null', did=0, right1=0, pid=0, position=null, hiredate='null', department=null, onduty='null', leavedate='null', identity='null', sex='null', duties=null}]
2020-05-11 19:27:47.089 [http-nio-8081-exec-9] ERROR com.project.aspect.LogAspect - url:http://localhost:8081/right.html,ip:0:0:0:0:0:0:0:1,classMethod:com.project.controller.PageController.showPage,args:[right.html, User{uid=null, username='null', password='null', realname='null', phone='null', did=0, right1=0, pid=0, position=null, hiredate='null', department=null, onduty='null', leavedate='null', identity='null', sex='null', duties=null}]
2020-05-11 19:27:47.089 [http-nio-8081-exec-7] ERROR com.project.aspect.LogAspect - url:http://localhost:8081/footer.html,ip:0:0:0:0:0:0:0:1,classMethod:com.project.controller.PageController.showPage,args:[footer.html, User{uid=null, username='null', password='null', realname='null', phone='null', did=0, right1=0, pid=0, position=null, hiredate='null', department=null, onduty='null', leavedate='null', identity='null', sex='null', duties=null}]
2020-05-11 19:27:47.090 [http-nio-8081-exec-3] ERROR com.project.aspect.LogAspect - Result:top2.html
2020-05-11 19:27:47.090 [http-nio-8081-exec-7] ERROR com.project.aspect.LogAspect - Result:footer.html
2020-05-11 19:27:47.090 [http-nio-8081-exec-9] ERROR com.project.aspect.LogAspect - Result:right.html
2020-05-11 19:27:47.287 [http-nio-8081-exec-5] ERROR com.project.aspect.LogAspect - url:http://localhost:8081/favicon.ico,ip:0:0:0:0:0:0:0:1,classMethod:com.project.controller.FaviconController.returnNoFavicon,args:[User{uid=null, username='null', password='null', realname='null', phone='null', did=0, right1=0, pid=0, position=null, hiredate='null', department=null, onduty='null', leavedate='null', identity='null', sex='null', duties=null}]
2020-05-11 19:27:47.287 [http-nio-8081-exec-5] ERROR com.project.aspect.LogAspect - Result:null
